This is pdfTeX, Version 3.1415926-2.5-1.40.14 (TeX Live 2013/Debian) (format=pdflatex 2014.3.2)  15 MAR 2014 18:11
entering extended mode
 restricted \write18 enabled.
 %&-line parsing enabled.
**main.tex
(./main.tex
LaTeX2e <2011/06/27>
Babel <3.9f> and hyphenation patterns for 2 languages loaded.
(./Thesis.cls
Document Class: Thesis 2007/22/02 v1.0 LaTeX document class
(/usr/share/texlive/texmf-dist/tex/latex/base/book.cls
Document Class: book 2007/10/19 v1.4h Standard LaTeX document class
(/usr/share/texlive/texmf-dist/tex/latex/base/bk10.clo
File: bk10.clo 2007/10/19 v1.4h Standard LaTeX file (size option)
)
\c@part=\count79
\c@chapter=\count80
\c@section=\count81
\c@subsection=\count82
\c@subsubsection=\count83
\c@paragraph=\count84
\c@subparagraph=\count85
\c@figure=\count86
\c@table=\count87
\abovecaptionskip=\skip41
\belowcaptionskip=\skip42
\bibindent=\dimen102
)
(/usr/share/texlive/texmf-dist/tex/latex/setspace/setspace.sty
Package: setspace 2011/12/19 v6.7a set line spacing
)
(/usr/share/texlive/texmf-dist/tex/latex/vmargin/vmargin.sty
Package: vmargin 2004/07/15 V2.5 set document margins (VK)

Package: vmargin 2004/07/15 V2.5 set document margins (VK)
\PaperWidth=\dimen103
\PaperHeight=\dimen104
) (/usr/share/texlive/texmf-dist/tex/latex/base/inputenc.sty
Package: inputenc 2008/03/30 v1.1d Input encoding file
\inpenc@prehook=\toks14
\inpenc@posthook=\toks15

(/usr/share/texlive/texmf-dist/tex/latex/base/utf8.def
File: utf8.def 2008/04/05 v1.1m UTF-8 support for inputenc
Now handling font encoding OML ...
... no UTF-8 mapping file for font encoding OML
Now handling font encoding T1 ...
... processing UTF-8 mapping file for font encoding T1

(/usr/share/texlive/texmf-dist/tex/latex/base/t1enc.dfu
File: t1enc.dfu 2008/04/05 v1.1m UTF-8 support for inputenc
   defining Unicode char U+00A1 (decimal 161)
   defining Unicode char U+00A3 (decimal 163)
   defining Unicode char U+00AB (decimal 171)
   defining Unicode char U+00BB (decimal 187)
   defining Unicode char U+00BF (decimal 191)
   defining Unicode char U+00C0 (decimal 192)
   defining Unicode char U+00C1 (decimal 193)
   defining Unicode char U+00C2 (decimal 194)
   defining Unicode char U+00C3 (decimal 195)
   defining Unicode char U+00C4 (decimal 196)
   defining Unicode char U+00C5 (decimal 197)
   defining Unicode char U+00C6 (decimal 198)
   defining Unicode char U+00C7 (decimal 199)
   defining Unicode char U+00C8 (decimal 200)
   defining Unicode char U+00C9 (decimal 201)
   defining Unicode char U+00CA (decimal 202)
   defining Unicode char U+00CB (decimal 203)
   defining Unicode char U+00CC (decimal 204)
   defining Unicode char U+00CD (decimal 205)
   defining Unicode char U+00CE (decimal 206)
   defining Unicode char U+00CF (decimal 207)
   defining Unicode char U+00D0 (decimal 208)
   defining Unicode char U+00D1 (decimal 209)
   defining Unicode char U+00D2 (decimal 210)
   defining Unicode char U+00D3 (decimal 211)
   defining Unicode char U+00D4 (decimal 212)
   defining Unicode char U+00D5 (decimal 213)
   defining Unicode char U+00D6 (decimal 214)
   defining Unicode char U+00D8 (decimal 216)
   defining Unicode char U+00D9 (decimal 217)
   defining Unicode char U+00DA (decimal 218)
   defining Unicode char U+00DB (decimal 219)
   defining Unicode char U+00DC (decimal 220)
   defining Unicode char U+00DD (decimal 221)
   defining Unicode char U+00DE (decimal 222)
   defining Unicode char U+00DF (decimal 223)
   defining Unicode char U+00E0 (decimal 224)
   defining Unicode char U+00E1 (decimal 225)
   defining Unicode char U+00E2 (decimal 226)
   defining Unicode char U+00E3 (decimal 227)
   defining Unicode char U+00E4 (decimal 228)
   defining Unicode char U+00E5 (decimal 229)
   defining Unicode char U+00E6 (decimal 230)
   defining Unicode char U+00E7 (decimal 231)
   defining Unicode char U+00E8 (decimal 232)
   defining Unicode char U+00E9 (decimal 233)
   defining Unicode char U+00EA (decimal 234)
   defining Unicode char U+00EB (decimal 235)
   defining Unicode char U+00EC (decimal 236)
   defining Unicode char U+00ED (decimal 237)
   defining Unicode char U+00EE (decimal 238)
   defining Unicode char U+00EF (decimal 239)
   defining Unicode char U+00F0 (decimal 240)
   defining Unicode char U+00F1 (decimal 241)
   defining Unicode char U+00F2 (decimal 242)
   defining Unicode char U+00F3 (decimal 243)
   defining Unicode char U+00F4 (decimal 244)
   defining Unicode char U+00F5 (decimal 245)
   defining Unicode char U+00F6 (decimal 246)
   defining Unicode char U+00F8 (decimal 248)
   defining Unicode char U+00F9 (decimal 249)
   defining Unicode char U+00FA (decimal 250)
   defining Unicode char U+00FB (decimal 251)
   defining Unicode char U+00FC (decimal 252)
   defining Unicode char U+00FD (decimal 253)
   defining Unicode char U+00FE (decimal 254)
   defining Unicode char U+00FF (decimal 255)
   defining Unicode char U+0102 (decimal 258)
   defining Unicode char U+0103 (decimal 259)
   defining Unicode char U+0104 (decimal 260)
   defining Unicode char U+0105 (decimal 261)
   defining Unicode char U+0106 (decimal 262)
   defining Unicode char U+0107 (decimal 263)
   defining Unicode char U+010C (decimal 268)
   defining Unicode char U+010D (decimal 269)
   defining Unicode char U+010E (decimal 270)
   defining Unicode char U+010F (decimal 271)
   defining Unicode char U+0110 (decimal 272)
   defining Unicode char U+0111 (decimal 273)
   defining Unicode char U+0118 (decimal 280)
   defining Unicode char U+0119 (decimal 281)
   defining Unicode char U+011A (decimal 282)
   defining Unicode char U+011B (decimal 283)
   defining Unicode char U+011E (decimal 286)
   defining Unicode char U+011F (decimal 287)
   defining Unicode char U+0130 (decimal 304)
   defining Unicode char U+0131 (decimal 305)
   defining Unicode char U+0132 (decimal 306)
   defining Unicode char U+0133 (decimal 307)
   defining Unicode char U+0139 (decimal 313)
   defining Unicode char U+013A (decimal 314)
   defining Unicode char U+013D (decimal 317)
   defining Unicode char U+013E (decimal 318)
   defining Unicode char U+0141 (decimal 321)
   defining Unicode char U+0142 (decimal 322)
   defining Unicode char U+0143 (decimal 323)
   defining Unicode char U+0144 (decimal 324)
   defining Unicode char U+0147 (decimal 327)
   defining Unicode char U+0148 (decimal 328)
   defining Unicode char U+014A (decimal 330)
   defining Unicode char U+014B (decimal 331)
   defining Unicode char U+0150 (decimal 336)
   defining Unicode char U+0151 (decimal 337)
   defining Unicode char U+0152 (decimal 338)
   defining Unicode char U+0153 (decimal 339)
   defining Unicode char U+0154 (decimal 340)
   defining Unicode char U+0155 (decimal 341)
   defining Unicode char U+0158 (decimal 344)
   defining Unicode char U+0159 (decimal 345)
   defining Unicode char U+015A (decimal 346)
   defining Unicode char U+015B (decimal 347)
   defining Unicode char U+015E (decimal 350)
   defining Unicode char U+015F (decimal 351)
   defining Unicode char U+0160 (decimal 352)
   defining Unicode char U+0161 (decimal 353)
   defining Unicode char U+0162 (decimal 354)
   defining Unicode char U+0163 (decimal 355)
   defining Unicode char U+0164 (decimal 356)
   defining Unicode char U+0165 (decimal 357)
   defining Unicode char U+016E (decimal 366)
   defining Unicode char U+016F (decimal 367)
   defining Unicode char U+0170 (decimal 368)
   defining Unicode char U+0171 (decimal 369)
   defining Unicode char U+0178 (decimal 376)
   defining Unicode char U+0179 (decimal 377)
   defining Unicode char U+017A (decimal 378)
   defining Unicode char U+017B (decimal 379)
   defining Unicode char U+017C (decimal 380)
   defining Unicode char U+017D (decimal 381)
   defining Unicode char U+017E (decimal 382)
   defining Unicode char U+200C (decimal 8204)
   defining Unicode char U+2013 (decimal 8211)
   defining Unicode char U+2014 (decimal 8212)
   defining Unicode char U+2018 (decimal 8216)
   defining Unicode char U+2019 (decimal 8217)
   defining Unicode char U+201A (decimal 8218)
   defining Unicode char U+201C (decimal 8220)
   defining Unicode char U+201D (decimal 8221)
   defining Unicode char U+201E (decimal 8222)
   defining Unicode char U+2030 (decimal 8240)
   defining Unicode char U+2031 (decimal 8241)
   defining Unicode char U+2039 (decimal 8249)
   defining Unicode char U+203A (decimal 8250)
   defining Unicode char U+2423 (decimal 9251)
)
Now handling font encoding OT1 ...
... processing UTF-8 mapping file for font encoding OT1

(/usr/share/texlive/texmf-dist/tex/latex/base/ot1enc.dfu
File: ot1enc.dfu 2008/04/05 v1.1m UTF-8 support for inputenc
   defining Unicode char U+00A1 (decimal 161)
   defining Unicode char U+00A3 (decimal 163)
   defining Unicode char U+00B8 (decimal 184)
   defining Unicode char U+00BF (decimal 191)
   defining Unicode char U+00C5 (decimal 197)
   defining Unicode char U+00C6 (decimal 198)
   defining Unicode char U+00D8 (decimal 216)
   defining Unicode char U+00DF (decimal 223)
   defining Unicode char U+00E6 (decimal 230)
   defining Unicode char U+00EC (decimal 236)
   defining Unicode char U+00ED (decimal 237)
   defining Unicode char U+00EE (decimal 238)
   defining Unicode char U+00EF (decimal 239)
   defining Unicode char U+00F8 (decimal 248)
   defining Unicode char U+0131 (decimal 305)
   defining Unicode char U+0141 (decimal 321)
   defining Unicode char U+0142 (decimal 322)
   defining Unicode char U+0152 (decimal 338)
   defining Unicode char U+0153 (decimal 339)
   defining Unicode char U+2013 (decimal 8211)
   defining Unicode char U+2014 (decimal 8212)
   defining Unicode char U+2018 (decimal 8216)
   defining Unicode char U+2019 (decimal 8217)
   defining Unicode char U+201C (decimal 8220)
   defining Unicode char U+201D (decimal 8221)
)
Now handling font encoding OMS ...
... processing UTF-8 mapping file for font encoding OMS

(/usr/share/texlive/texmf-dist/tex/latex/base/omsenc.dfu
File: omsenc.dfu 2008/04/05 v1.1m UTF-8 support for inputenc
   defining Unicode char U+00A7 (decimal 167)
   defining Unicode char U+00B6 (decimal 182)
   defining Unicode char U+00B7 (decimal 183)
   defining Unicode char U+2020 (decimal 8224)
   defining Unicode char U+2021 (decimal 8225)
   defining Unicode char U+2022 (decimal 8226)
)
Now handling font encoding OMX ...
... no UTF-8 mapping file for font encoding OMX
Now handling font encoding U ...
... no UTF-8 mapping file for font encoding U
   defining Unicode char U+00A9 (decimal 169)
   defining Unicode char U+00AA (decimal 170)
   defining Unicode char U+00AE (decimal 174)
   defining Unicode char U+00BA (decimal 186)
   defining Unicode char U+02C6 (decimal 710)
   defining Unicode char U+02DC (decimal 732)
   defining Unicode char U+200C (decimal 8204)
   defining Unicode char U+2026 (decimal 8230)
   defining Unicode char U+2122 (decimal 8482)
   defining Unicode char U+2423 (decimal 9251)
))
(/usr/share/texlive/texmf-dist/tex/latex/fancyhdr/fancyhdr.sty
\fancy@headwidth=\skip43
\f@ncyO@elh=\skip44
\f@ncyO@erh=\skip45
\f@ncyO@olh=\skip46
\f@ncyO@orh=\skip47
\f@ncyO@elf=\skip48
\f@ncyO@erf=\skip49
\f@ncyO@olf=\skip50
\f@ncyO@orf=\skip51
)
(/usr/share/texlive/texmf-dist/tex/latex/amsmath/amsmath.sty
Package: amsmath 2013/01/14 v2.14 AMS math features
\@mathmargin=\skip52

For additional information on amsmath, use the `?' option.
(/usr/share/texlive/texmf-dist/tex/latex/amsmath/amstext.sty
Package: amstext 2000/06/29 v2.01

(/usr/share/texlive/texmf-dist/tex/latex/amsmath/amsgen.sty
File: amsgen.sty 1999/11/30 v2.0
\@emptytoks=\toks16
\ex@=\dimen105
))
(/usr/share/texlive/texmf-dist/tex/latex/amsmath/amsbsy.sty
Package: amsbsy 1999/11/29 v1.2d
\pmbraise@=\dimen106
)
(/usr/share/texlive/texmf-dist/tex/latex/amsmath/amsopn.sty
Package: amsopn 1999/12/14 v2.01 operator names
)
\inf@bad=\count88
LaTeX Info: Redefining \frac on input line 210.
\uproot@=\count89
\leftroot@=\count90
LaTeX Info: Redefining \overline on input line 306.
\classnum@=\count91
\DOTSCASE@=\count92
LaTeX Info: Redefining \ldots on input line 378.
LaTeX Info: Redefining \dots on input line 381.
LaTeX Info: Redefining \cdots on input line 466.
\Mathstrutbox@=\box26
\strutbox@=\box27
\big@size=\dimen107
LaTeX Font Info:    Redeclaring font encoding OML on input line 566.
LaTeX Font Info:    Redeclaring font encoding OMS on input line 567.
\macc@depth=\count93
\c@MaxMatrixCols=\count94
\dotsspace@=\muskip10
\c@parentequation=\count95
\dspbrk@lvl=\count96
\tag@help=\toks17
\row@=\count97
\column@=\count98
\maxfields@=\count99
\andhelp@=\toks18
\eqnshift@=\dimen108
\alignsep@=\dimen109
\tagshift@=\dimen110
\tagwidth@=\dimen111
\totwidth@=\dimen112
\lineht@=\dimen113
\@envbody=\toks19
\multlinegap=\skip53
\multlinetaggap=\skip54
\mathdisplay@stack=\toks20
LaTeX Info: Redefining \[ on input line 2665.
LaTeX Info: Redefining \] on input line 2666.
)
(/usr/share/texlive/texmf-dist/tex/latex/amsfonts/amsfonts.sty
Package: amsfonts 2013/01/14 v3.01 Basic AMSFonts support
\symAMSa=\mathgroup4
\symAMSb=\mathgroup5
LaTeX Font Info:    Overwriting math alphabet `\mathfrak' in version `bold'
(Font)                  U/euf/m/n --> U/euf/b/n on input line 106.
)
(/usr/share/texlive/texmf-dist/tex/latex/amsfonts/amssymb.sty
Package: amssymb 2013/01/14 v3.01 AMS font symbols
)
(/usr/share/texlive/texmf-dist/tex/latex/amsmath/amscd.sty
Package: amscd 1999/11/29 v2.0
\athelp@=\toks21
\minaw@=\dimen114
\bigaw@=\dimen115
\minCDarrowwidth=\dimen116
)
(/usr/share/texlive/texmf-dist/tex/latex/amscls/amsthm.sty
Package: amsthm 2004/08/06 v2.20
\thm@style=\toks22
\thm@bodyfont=\toks23
\thm@headfont=\toks24
\thm@notefont=\toks25
\thm@headpunct=\toks26
\thm@preskip=\skip55
\thm@postskip=\skip56
\thm@headsep=\skip57
\dth@everypar=\toks27
)
(/usr/share/texlive/texmf-dist/tex/latex/tools/xspace.sty
Package: xspace 2009/10/20 v1.13 Space after command names (DPC,MH)
)
\c@example=\count100
\c@theorem=\count101

(/usr/share/texlive/texmf-dist/tex/latex/caption/caption.sty
Package: caption 2013/05/02 v3.3-89 Customizing captions (AR)

(/usr/share/texlive/texmf-dist/tex/latex/caption/caption3.sty
Package: caption3 2013/05/02 v1.6-88 caption3 kernel (AR)
Package caption3 Info: TeX engine: e-TeX on input line 57.

(/usr/share/texlive/texmf-dist/tex/latex/graphics/keyval.sty
Package: keyval 1999/03/16 v1.13 key=value parser (DPC)
\KV@toks@=\toks28
)
\captionmargin=\dimen117
\captionmargin@=\dimen118
\captionwidth=\dimen119
\caption@tempdima=\dimen120
\caption@indent=\dimen121
\caption@parindent=\dimen122
\caption@hangindent=\dimen123
)
\c@ContinuedFloat=\count102
)
(/usr/share/texlive/texmf-dist/tex/latex/graphics/graphicx.sty
Package: graphicx 1999/02/16 v1.0f Enhanced LaTeX Graphics (DPC,SPQR)

(/usr/share/texlive/texmf-dist/tex/latex/graphics/graphics.sty
Package: graphics 2009/02/05 v1.0o Standard LaTeX Graphics (DPC,SPQR)

(/usr/share/texlive/texmf-dist/tex/latex/graphics/trig.sty
Package: trig 1999/03/16 v1.09 sin cos tan (DPC)
)
(/usr/share/texlive/texmf-dist/tex/latex/latexconfig/graphics.cfg
File: graphics.cfg 2010/04/23 v1.9 graphics configuration of TeX Live
)
Package graphics Info: Driver file: pdftex.def on input line 91.

(/usr/share/texlive/texmf-dist/tex/latex/pdftex-def/pdftex.def
File: pdftex.def 2011/05/27 v0.06d Graphics/color for pdfTeX

(/usr/share/texlive/texmf-dist/tex/generic/oberdiek/infwarerr.sty
Package: infwarerr 2010/04/08 v1.3 Providing info/warning/error messages (HO)
)
(/usr/share/texlive/texmf-dist/tex/generic/oberdiek/ltxcmds.sty
Package: ltxcmds 2011/11/09 v1.22 LaTeX kernel commands for general use (HO)
)
\Gread@gobject=\count103
))
\Gin@req@height=\dimen124
\Gin@req@width=\dimen125
)
(/usr/share/texlive/texmf-dist/tex/latex/oberdiek/epstopdf.sty
Package: epstopdf 2010/02/09 v2.5 Conversion with epstopdf on the fly (HO)

(/usr/share/texlive/texmf-dist/tex/latex/oberdiek/epstopdf-base.sty
Package: epstopdf-base 2010/02/09 v2.5 Base part for package epstopdf

(/usr/share/texlive/texmf-dist/tex/latex/oberdiek/grfext.sty
Package: grfext 2010/08/19 v1.1 Manage graphics extensions (HO)

(/usr/share/texlive/texmf-dist/tex/generic/oberdiek/kvdefinekeys.sty
Package: kvdefinekeys 2011/04/07 v1.3 Define keys (HO)
))
(/usr/share/texlive/texmf-dist/tex/latex/oberdiek/kvoptions.sty
Package: kvoptions 2011/06/30 v3.11 Key value format for package options (HO)

(/usr/share/texlive/texmf-dist/tex/generic/oberdiek/kvsetkeys.sty
Package: kvsetkeys 2012/04/25 v1.16 Key value parser (HO)

(/usr/share/texlive/texmf-dist/tex/generic/oberdiek/etexcmds.sty
Package: etexcmds 2011/02/16 v1.5 Avoid name clashes with e-TeX commands (HO)

(/usr/share/texlive/texmf-dist/tex/generic/oberdiek/ifluatex.sty
Package: ifluatex 2010/03/01 v1.3 Provides the ifluatex switch (HO)
Package ifluatex Info: LuaTeX not detected.
)
Package etexcmds Info: Could not find \expanded.
(etexcmds)             That can mean that you are not using pdfTeX 1.50 or
(etexcmds)             that some package has redefined \expanded.
(etexcmds)             In the latter case, load this package earlier.
)))
(/usr/share/texlive/texmf-dist/tex/generic/oberdiek/pdftexcmds.sty
Package: pdftexcmds 2011/11/29 v0.20 Utility functions of pdfTeX for LuaTeX (HO
)

(/usr/share/texlive/texmf-dist/tex/generic/oberdiek/ifpdf.sty
Package: ifpdf 2011/01/30 v2.3 Provides the ifpdf switch (HO)
Package ifpdf Info: pdfTeX in PDF mode is detected.
)
Package pdftexcmds Info: LuaTeX not detected.
Package pdftexcmds Info: \pdf@primitive is available.
Package pdftexcmds Info: \pdf@ifprimitive is available.
Package pdftexcmds Info: \pdfdraftmode found.
)
Package grfext Info: Graphics extension search list:
(grfext)             [.png,.pdf,.jpg,.mps,.jpeg,.jbig2,.jb2,.PNG,.PDF,.JPG,.JPE
G,.JBIG2,.JB2,.eps]
(grfext)             \AppendGraphicsExtensions on input line 452.

(/usr/share/texlive/texmf-dist/tex/latex/latexconfig/epstopdf-sys.cfg
File: epstopdf-sys.cfg 2010/07/13 v1.3 Configuration of (r)epstopdf for TeX Liv
e
)))
(/usr/share/texlive/texmf-dist/tex/latex/booktabs/booktabs.sty
Package: booktabs 2005/04/14 v1.61803 publication quality tables
\heavyrulewidth=\dimen126
\lightrulewidth=\dimen127
\cmidrulewidth=\dimen128
\belowrulesep=\dimen129
\belowbottomsep=\dimen130
\aboverulesep=\dimen131
\abovetopsep=\dimen132
\cmidrulesep=\dimen133
\cmidrulekern=\dimen134
\defaultaddspace=\dimen135
\@cmidla=\count104
\@cmidlb=\count105
\@aboverulesep=\dimen136
\@belowrulesep=\dimen137
\@thisruleclass=\count106
\@lastruleclass=\count107
\@thisrulewidth=\dimen138
)
(/usr/share/texlive/texmf-dist/tex/latex/rotating/rotating.sty
Package: rotating 2009/03/28 v2.16a rotated objects in LaTeX

(/usr/share/texlive/texmf-dist/tex/latex/base/ifthen.sty
Package: ifthen 2001/05/26 v1.1c Standard LaTeX ifthen package (DPC)
)
\c@r@tfl@t=\count108
\rotFPtop=\skip58
\rotFPbot=\skip59
\rot@float@box=\box28
\rot@mess@toks=\toks29
)
(/usr/share/texlive/texmf-dist/tex/latex/listings/listings.sty
\lst@mode=\count109
\lst@gtempboxa=\box29
\lst@token=\toks30
\lst@length=\count110
\lst@currlwidth=\dimen139
\lst@column=\count111
\lst@pos=\count112
\lst@lostspace=\dimen140
\lst@width=\dimen141
\lst@newlines=\count113
\lst@lineno=\count114
\lst@maxwidth=\dimen142
 (./lstpatch.sty

***
*** This is a patch for listings 1.3, but you're using
*** version 1.5.
***
*** Patch file not loaded.
***

) (/usr/share/texlive/texmf-dist/tex/latex/listings/lstmisc.sty
File: lstmisc.sty 2013/07/10 1.5 (Carsten Heinz)
\c@lstnumber=\count115
\lst@skipnumbers=\count116
\lst@framebox=\box30
)
(/usr/share/texlive/texmf-dist/tex/latex/listings/listings.cfg
File: listings.cfg 2013/06/27 1.5pre1 listings configuration
))
Package: listings 2013/07/10 1.5 (Carsten Heinz)

(./lstpatch.sty

***
*** This is a patch for listings 1.3, but you're using
*** version 1.5.
***
 *** Patch file not loaded.
***

) (/usr/share/texlive/texmf-dist/tex/latex/hyperref/hyperref.sty
Package: hyperref 2012/11/06 v6.83m Hypertext links for LaTeX

(/usr/share/texlive/texmf-dist/tex/generic/oberdiek/hobsub-hyperref.sty
Package: hobsub-hyperref 2012/05/28 v1.13 Bundle oberdiek, subset hyperref (HO)


(/usr/share/texlive/texmf-dist/tex/generic/oberdiek/hobsub-generic.sty
Package: hobsub-generic 2012/05/28 v1.13 Bundle oberdiek, subset generic (HO)
Package: hobsub 2012/05/28 v1.13 Construct package bundles (HO)
Package hobsub Info: Skipping package `infwarerr' (already loaded).
Package hobsub Info: Skipping package `ltxcmds' (already loaded).
Package hobsub Info: Skipping package `ifluatex' (already loaded).
Package: ifvtex 2010/03/01 v1.5 Detect VTeX and its facilities (HO)
Package ifvtex Info: VTeX not detected.
Package: intcalc 2007/09/27 v1.1 Expandable calculations with integers (HO)
Package hobsub Info: Skipping package `ifpdf' (already loaded).
Package hobsub Info: Skipping package `etexcmds' (already loaded).
Package hobsub Info: Skipping package `kvsetkeys' (already loaded).
Package hobsub Info: Skipping package `kvdefinekeys' (already loaded).
Package hobsub Info: Skipping package `pdftexcmds' (already loaded).
Package: pdfescape 2011/11/25 v1.13 Implements pdfTeX's escape features (HO)
Package: bigintcalc 2012/04/08 v1.3 Expandable calculations on big integers (HO
)
Package: bitset 2011/01/30 v1.1 Handle bit-vector datatype (HO)
Package: uniquecounter 2011/01/30 v1.2 Provide unlimited unique counter (HO)
)
Package hobsub Info: Skipping package `hobsub' (already loaded).
Package: letltxmacro 2010/09/02 v1.4 Let assignment for LaTeX macros (HO)
Package: hopatch 2012/05/28 v1.2 Wrapper for package hooks (HO)
Package: xcolor-patch 2011/01/30 xcolor patch
Package: atveryend 2011/06/30 v1.8 Hooks at the very end of document (HO)
Package atveryend Info: \enddocument detected (standard20110627).
Package: atbegshi 2011/10/05 v1.16 At begin shipout hook (HO)
Package: refcount 2011/10/16 v3.4 Data extraction from label references (HO)
Package: hycolor 2011/01/30 v1.7 Color options for hyperref/bookmark (HO)
)
(/usr/share/texlive/texmf-dist/tex/generic/ifxetex/ifxetex.sty
Package: ifxetex 2010/09/12 v0.6 Provides ifxetex conditional
)
(/usr/share/texlive/texmf-dist/tex/latex/oberdiek/auxhook.sty
Package: auxhook 2011/03/04 v1.3 Hooks for auxiliary files (HO)
)
\@linkdim=\dimen143
\Hy@linkcounter=\count117
\Hy@pagecounter=\count118

(/usr/share/texlive/texmf-dist/tex/latex/hyperref/pd1enc.def
File: pd1enc.def 2012/11/06 v6.83m Hyperref: PDFDocEncoding definition (HO)
Now handling font encoding PD1 ...
... no UTF-8 mapping file for font encoding PD1
)
\Hy@SavedSpaceFactor=\count119

(/usr/share/texlive/texmf-dist/tex/latex/latexconfig/hyperref.cfg
File: hyperref.cfg 2002/06/06 v1.2 hyperref configuration of TeXLive
)
Package hyperref Info: Option `bookmarks' set `true' on input line 4319.
Package hyperref Info: Option `bookmarksopen' set `true' on input line 4319.
Package hyperref Info: Option `bookmarksnumbered' set `true' on input line 4319
.
Package hyperref Info: Option `hypertexnames' set `false' on input line 4319.
Package hyperref Info: Option `colorlinks' set `true' on input line 4319.
Package hyperref Info: Option `unicode' set `true' on input line 4319.

(/usr/share/texlive/texmf-dist/tex/latex/hyperref/puenc.def
File: puenc.def 2012/11/06 v6.83m Hyperref: PDF Unicode definition (HO)
Now handling font encoding PU ...
... no UTF-8 mapping file for font encoding PU
)
Package hyperref Info: Option `breaklinks' set `true' on input line 4319.
Package hyperref Info: Hyper figures OFF on input line 4443.
Package hyperref Info: Link nesting OFF on input line 4448.
Package hyperref Info: Hyper index ON on input line 4451.
Package hyperref Info: Plain pages OFF on input line 4458.
Package hyperref Info: Backreferencing OFF on input line 4463.
Package hyperref Info: Implicit mode ON; LaTeX internals redefined.
Package hyperref Info: Bookmarks ON on input line 4688.
\c@Hy@tempcnt=\count120

(/usr/share/texlive/texmf-dist/tex/latex/url/url.sty
\Urlmuskip=\muskip11
Package: url 2006/04/12  ver 3.3  Verb mode for urls, etc.
)
LaTeX Info: Redefining \url on input line 5041.
\XeTeXLinkMargin=\dimen144
\Fld@menulength=\count121
\Field@Width=\dimen145
\Fld@charsize=\dimen146
Package hyperref Info: Hyper figures OFF on input line 6295.
Package hyperref Info: Link nesting OFF on input line 6300.
Package hyperref Info: Hyper index ON on input line 6303.
Package hyperref Info: backreferencing OFF on input line 6310.
Package hyperref Info: Link coloring ON on input line 6313.
Package hyperref Info: Link coloring with OCG OFF on input line 6320.
Package hyperref Info: PDF/A mode OFF on input line 6325.
LaTeX Info: Redefining \ref on input line 6365.
LaTeX Info: Redefining \pageref on input line 6369.
\Hy@abspage=\count122
\c@Item=\count123
\c@Hfootnote=\count124
)

Package hyperref Message: Driver (autodetected): hpdftex.

(/usr/share/texlive/texmf-dist/tex/latex/hyperref/hpdftex.def
File: hpdftex.def 2012/11/06 v6.83m Hyperref driver for pdfTeX
\Fld@listcount=\count125
\c@bookmark@seq@number=\count126

(/usr/share/texlive/texmf-dist/tex/latex/oberdiek/rerunfilecheck.sty
Package: rerunfilecheck 2011/04/15 v1.7 Rerun checks for auxiliary files (HO)
Package uniquecounter Info: New unique counter `rerunfilecheck' on input line 2
82.
)
\Hy@SectionHShift=\skip60
)
\c@dummy=\count127

(/usr/share/texlive/texmf-dist/tex/latex/tools/longtable.sty
Package: longtable 2004/02/01 v4.11 Multi-page Table package (DPC)
\LTleft=\skip61
\LTright=\skip62
\LTpre=\skip63
\LTpost=\skip64
\LTchunksize=\count128
\LTcapwidth=\dimen147
\LT@head=\box31
\LT@firsthead=\box32
\LT@foot=\box33
\LT@lastfoot=\box34
\LT@cols=\count129
\LT@rows=\count130
\c@LT@tables=\count131
\c@LT@chunks=\count132
\LT@p@ftn=\toks31
))
(/usr/share/texlive/texmf-dist/tex/latex/natbib/natbib.sty
Package: natbib 2010/09/13 8.31b (PWD, AO)
\bibhang=\skip65
\bibsep=\skip66
LaTeX Info: Redefining \cite on input line 694.
\c@NAT@ctr=\count133
)
(/usr/share/texlive/texmf-dist/tex/latex/graphics/color.sty
Package: color 2005/11/14 v1.0j Standard LaTeX Color (DPC)

(/usr/share/texlive/texmf-dist/tex/latex/latexconfig/color.cfg
File: color.cfg 2007/01/18 v1.5 color configuration of teTeX/TeXLive
)
Package color Info: Driver file: pdftex.def on input line 130.
)
(/usr/share/texlive/texmf-dist/tex/latex/float/float.sty
Package: float 2001/11/08 v1.3d Float enhancements (AL)
\c@float@type=\count134
\float@exts=\toks32
\float@box=\box35
\@float@everytoks=\toks33
\@floatcapt=\box36
)
(/usr/share/texlive/texmf-dist/tex/latex/listings/lstlang1.sty
File: lstlang1.sty 2013/06/27 1.5pre1 listings language file
) (./main.aux

LaTeX Warning: Label `pic-a' multiply defined.


LaTeX Warning: Label `pic-a' multiply defined.


LaTeX Warning: Label `pic-a' multiply defined.


LaTeX Warning: Label `pic-a' multiply defined.


LaTeX Warning: Label `pic-a' multiply defined.


LaTeX Warning: Label `pic-a' multiply defined.


LaTeX Warning: Label `pic-a' multiply defined.


LaTeX Warning: Label `pic-a' multiply defined.


LaTeX Warning: Label `pic-a' multiply defined.


LaTeX Warning: Label `pic-a' multiply defined.


LaTeX Warning: Label `pic-a' multiply defined.


LaTeX Warning: Label `pic-a' multiply defined.


LaTeX Warning: Label `pic-a' multiply defined.


LaTeX Warning: Label `pic-a' multiply defined.


LaTeX Warning: Label `pic-a' multiply defined.


LaTeX Warning: Label `pic-a' multiply defined.


LaTeX Warning: Label `pic-a' multiply defined.


LaTeX Warning: Label `pic-a' multiply defined.


LaTeX Warning: Label `pic-a' multiply defined.

)
\openout1 = `main.aux'.

LaTeX Font Info:    Checking defaults for OML/cmm/m/it on input line 70.
LaTeX Font Info:    ... okay on input line 70.
LaTeX Font Info:    Checking defaults for T1/cmr/m/n on input line 70.
LaTeX Font Info:    ... okay on input line 70.
LaTeX Font Info:    Checking defaults for OT1/cmr/m/n on input line 70.
LaTeX Font Info:    ... okay on input line 70.
LaTeX Font Info:    Checking defaults for OMS/cmsy/m/n on input line 70.
LaTeX Font Info:    ... okay on input line 70.
LaTeX Font Info:    Checking defaults for OMX/cmex/m/n on input line 70.
LaTeX Font Info:    ... okay on input line 70.
LaTeX Font Info:    Checking defaults for U/cmr/m/n on input line 70.
LaTeX Font Info:    ... okay on input line 70.
LaTeX Font Info:    Checking defaults for PD1/pdf/m/n on input line 70.
LaTeX Font Info:    ... okay on input line 70.
LaTeX Font Info:    Checking defaults for PU/pdf/m/n on input line 70.
LaTeX Font Info:    ... okay on input line 70.
Package caption Info: Begin \AtBeginDocument code.
Package caption Info: float package is loaded.
Package caption Info: hyperref package is loaded.
Package caption Info: listings package is loaded.
Package caption Info: longtable package is loaded.
 (/usr/share/texlive/texmf-dist/tex/latex/caption/ltcaption.sty
Package: ltcaption 2013/02/03 v1.3-62 longtable captions (AR)
)
Package caption Info: rotating package is loaded.
Package caption Info: End \AtBeginDocument code.

(/usr/share/texlive/texmf-dist/tex/context/base/supp-pdf.mkii
[Loading MPS to PDF converter (version 2006.09.02).]
\scratchcounter=\count135
\scratchdimen=\dimen148
\scratchbox=\box37
\nofMPsegments=\count136
\nofMParguments=\count137
\everyMPshowfont=\toks34
\MPscratchCnt=\count138
\MPscratchDim=\dimen149
\MPnumerator=\count139
\makeMPintoPDFobject=\count140
\everyMPtoPDFconversion=\toks35
)
\c@lstlisting=\count141
\AtBeginShipoutBox=\box38
Package hyperref Info: Link coloring ON on input line 70.
 (/usr/share/texlive/texmf-dist/tex/latex/hyperref/nameref.sty
Package: nameref 2012/10/27 v2.43 Cross-referencing by name of section

(/usr/share/texlive/texmf-dist/tex/generic/oberdiek/gettitlestring.sty
Package: gettitlestring 2010/12/03 v1.4 Cleanup title references (HO)
)
\c@section@level=\count142
)
LaTeX Info: Redefining \ref on input line 70.
LaTeX Info: Redefining \pageref on input line 70.
LaTeX Info: Redefining \nameref on input line 70.

(./main.out) (./main.out)
\@outlinefile=\write3
\openout3 = `main.out'.


</home/nicgen/Scrivania/thesis/Figures/logo_uni_bw.png, id=373, 943.525pt x 949
.5475pt>
File: /home/nicgen/Scrivania/thesis/Figures/logo_uni_bw.png Graphic file (type 
png)
 <use /home/nicgen/Scrivania/thesis/Figures/logo_uni_bw.png>
Package pdftex.def Info: /home/nicgen/Scrivania/thesis/Figures/logo_uni_bw.png 
used on input line 104.
(pdftex.def)             Requested size: 141.52264pt x 142.42598pt.
LaTeX Font Info:    Try loading font information for U+msa on input line 115.

(/usr/share/texlive/texmf-dist/tex/latex/amsfonts/umsa.fd
File: umsa.fd 2013/01/14 v3.01 AMS symbols A
)
LaTeX Font Info:    Try loading font information for U+msb on input line 115.

(/usr/share/texlive/texmf-dist/tex/latex/amsfonts/umsb.fd
File: umsb.fd 2013/01/14 v3.01 AMS symbols B
) [1


{/var/lib/texmf/fonts/map/pdftex/updmap/pdftex.map} </home/nicgen/Scrivania/the
sis/Figures/logo_uni_bw.png>] [1

]
Underfull \hbox (badness 10000) in paragraph at lines 142--143

 []

[2

]
Underfull \hbox (badness 10000) in paragraph at lines 161--162

 []

LaTeX Font Info:    Try loading font information for OMS+cmr on input line 168.

(/usr/share/texlive/texmf-dist/tex/latex/base/omscmr.fd
File: omscmr.fd 1999/05/25 v2.5h Standard LaTeX font definitions
)
LaTeX Font Info:    Font shape `OMS/cmr/m/n' in size <10> not available
(Font)              Font shape `OMS/cmsy/m/n' tried instead on input line 168.
 [3

]
------------------------------------------------------------------------------
 Table of Contents
------------------------------------------------------------------------------
(./main.toc [4


] [5])
\tf@toc=\write4
\openout4 = `main.toc'.

 [6]
------------------------------------------------------------------------------
 List of Figures
------------------------------------------------------------------------------
(./main.lof)
\tf@lof=\write5
\openout5 = `main.lof'.

 [7


]
------------------------------------------------------------------------------
 Dedicatory
------------------------------------------------------------------------------
[8

] (./Chapters/Chapter1.tex
Chapter 1.
------------------------------------------------------------------------------
 1 Introduzione
------------------------------------------------------------------------------

</home/nicgen/Scrivania/thesis/Figures/logo_sanmarco.png, id=561, 225.84375pt x
 225.84375pt>
File: /home/nicgen/Scrivania/thesis/Figures/logo_sanmarco.png Graphic file (typ
e png)
 <use /home/nicgen/Scrivania/thesis/Figures/logo_sanmarco.png>
Package pdftex.def Info: /home/nicgen/Scrivania/thesis/Figures/logo_sanmarco.pn
g used on input line 16.
(pdftex.def)             Requested size: 85.8215pt x 85.8215pt.

[1



 </home/nicgen/Scrivania/thesis/Figures/logo_sanmarco.png>]
</home/nicgen/Scrivania/thesis/Figures/lifecycle.png, id=569, 378.66469pt x 326
.72063pt>
File: /home/nicgen/Scrivania/thesis/Figures/lifecycle.png Graphic file (type pn
g)
 <use /home/nicgen/Scrivania/thesis/Figures/lifecycle.png>
Package pdftex.def Info: /home/nicgen/Scrivania/thesis/Figures/lifecycle.png us
ed on input line 60.
(pdftex.def)             Requested size: 234.76967pt x 202.56468pt.


LaTeX Warning: `h' float specifier changed to `ht'.

) (./Chapters/Chapter2.tex [2] [3 </home/nicgen/Scrivania/thesis/Figures/lifecy
cle.png>]
Chapter 2.
------------------------------------------------------------------------------
 2 Progetto Aziendale
------------------------------------------------------------------------------
[4

]
</home/nicgen/Scrivania/thesis/Figures/feature.jpg, id=583, 955.57pt x 546.04pt
>
File: /home/nicgen/Scrivania/thesis/Figures/feature.jpg Graphic file (type jpg)

 <use /home/nicgen/Scrivania/thesis/Figures/feature.jpg>
Package pdftex.def Info: /home/nicgen/Scrivania/thesis/Figures/feature.jpg used
 on input line 46.
(pdftex.def)             Requested size: 334.45451pt x 191.11685pt.

</home/nicgen/Scrivania/thesis/Figures/boosted.png, id=584, 980.66376pt x 619.3
1375pt>
File: /home/nicgen/Scrivania/thesis/Figures/boosted.png Graphic file (type png)

 <use /home/nicgen/Scrivania/thesis/Figures/boosted.png>
Package pdftex.def Info: /home/nicgen/Scrivania/thesis/Figures/boosted.png used
 on input line 62.
(pdftex.def)             Requested size: 294.2014pt x 185.79555pt.
 [5 </home/nicgen/Scrivania/thesis/Figures/feature.jpg>]
</home/nicgen/Scrivania/thesis/Figures/snetwork.png, id=589, 692.5875pt x 373.3
95pt>
File: /home/nicgen/Scrivania/thesis/Figures/snetwork.png Graphic file (type png
)
 <use /home/nicgen/Scrivania/thesis/Figures/snetwork.png>
Package pdftex.def Info: /home/nicgen/Scrivania/thesis/Figures/snetwork.png use
d on input line 82.
(pdftex.def)             Requested size: 484.80794pt x 261.37471pt.

Overfull \hbox (67.33487pt too wide) in paragraph at lines 82--83
 [][] 
 []


LaTeX Warning: `h' float specifier changed to `ht'.

[6 </home/nicgen/Scrivania/thesis/Figures/boosted.png (PNG copy)>] [7 </home/ni
cgen/Scrivania/thesis/Figures/snetwork.png>]) (./Chapters/Chapter3.tex [8]
Chapter 3.
------------------------------------------------------------------------------
 3 Pianificazione ed Analisi
------------------------------------------------------------------------------

Underfull \hbox (badness 10000) in paragraph at lines 13--17

 []


</home/nicgen/Scrivania/thesis/Figures/tempo.png, id=602, 1017.8025pt x 275.027
5pt>
File: /home/nicgen/Scrivania/thesis/Figures/tempo.png Graphic file (type png)
 <use /home/nicgen/Scrivania/thesis/Figures/tempo.png>
Package pdftex.def Info: /home/nicgen/Scrivania/thesis/Figures/tempo.png used o
n input line 19.
(pdftex.def)             Requested size: 376.58104pt x 101.75858pt.
 [9

 </home/nicgen/Scrivania/thesis/Figures/tempo.png>]
</home/nicgen/Scrivania/thesis/Figures/uc1.png, id=607, 447.6725pt x 352.31625p
t>
File: /home/nicgen/Scrivania/thesis/Figures/uc1.png Graphic file (type png)
 <use /home/nicgen/Scrivania/thesis/Figures/uc1.png>
Package pdftex.def Info: /home/nicgen/Scrivania/thesis/Figures/uc1.png used on 
input line 80.
(pdftex.def)             Requested size: 268.60556pt x 211.39137pt.
 [10]
</home/nicgen/Scrivania/thesis/Figures/uc2.png, id=613, 484.81125pt x 295.1025p
t>
File: /home/nicgen/Scrivania/thesis/Figures/uc2.png Graphic file (type png)
 <use /home/nicgen/Scrivania/thesis/Figures/uc2.png>
Package pdftex.def Info: /home/nicgen/Scrivania/thesis/Figures/uc2.png used on 
input line 101.
(pdftex.def)             Requested size: 290.88899pt x 177.06285pt.
 [11 </home/nicgen/Scrivania/thesis/Figures/uc1.png> </home/nicgen/Scrivania/th
esis/Figures/uc2.png>]
</home/nicgen/Scrivania/thesis/Figures/uc3.png, id=620, 482.80376pt x 339.2675p
t>
File: /home/nicgen/Scrivania/thesis/Figures/uc3.png Graphic file (type png)
 <use /home/nicgen/Scrivania/thesis/Figures/uc3.png>
Package pdftex.def Info: /home/nicgen/Scrivania/thesis/Figures/uc3.png used on 
input line 122.
(pdftex.def)             Requested size: 289.6845pt x 203.56206pt.

Overfull \hbox (21.64003pt too wide) in paragraph at lines 130--131
\OT1/cmr/bx/it/10 Descrizione: \OT1/cmr/m/n/10 L'utente pu^^Ro avviare il ril-e
-va-mento del volto di parti fac-ciali pre-def-i-nite. L'applicazione
 []

[12 </home/nicgen/Scrivania/thesis/Figures/uc3.png>]
</home/nicgen/Scrivania/thesis/Figures/uc12.png, id=626, 481.8pt x 502.87875pt>
File: /home/nicgen/Scrivania/thesis/Figures/uc12.png Graphic file (type png)
<use /home/nicgen/Scrivania/thesis/Figures/uc12.png>
Package pdftex.def Info: /home/nicgen/Scrivania/thesis/Figures/uc12.png used on
 input line 157.
(pdftex.def)             Requested size: 289.08221pt x 301.72957pt.
 [13 </home/nicgen/Scrivania/thesis/Figures/uc12.png>]
Overfull \hbox (3.27771pt too wide) in paragraph at lines 177--178
[]\OT1/cmr/m/n/10 Effettiva ren-der-iz-zazione dello Sprite che sar^^Ra posto i
n over-lay su ogni fo-togramma (UC1.4.3) 
 []


</home/nicgen/Scrivania/thesis/Figures/uc14.png, id=633, 471.7625pt x 328.22626
pt>
File: /home/nicgen/Scrivania/thesis/Figures/uc14.png Graphic file (type png)
 <use /home/nicgen/Scrivania/thesis/Figures/uc14.png>
Package pdftex.def Info: /home/nicgen/Scrivania/thesis/Figures/uc14.png used on
 input line 183.
(pdftex.def)             Requested size: 283.05968pt x 196.93727pt.

Overfull \hbox (21.64003pt too wide) in paragraph at lines 197--198
\OT1/cmr/bx/it/10 Descrizione: \OT1/cmr/m/n/10 L'utente pu^^Ro avviare il ril-e
-va-mento del volto di parti fac-ciali pre-def-i-nite. L'applicazione
 []

[14 </home/nicgen/Scrivania/thesis/Figures/uc14.png>]
Overfull \hbox (3.27771pt too wide) in paragraph at lines 212--213
[]\OT1/cmr/m/n/10 Effettiva ren-der-iz-zazione dello Sprite che sar^^Ra posto i
n over-lay su ogni fo-togramma (UC1.4.3) 
 []


Overfull \hbox (22.67128pt too wide) in paragraph at lines 221--222
[]\OT1/cmr/bx/it/10 Postcondizione: \OT1/cmr/m/n/10 L'applicazione ridi-men-sio
na l'immagine in base alla di-men-sione definita dall'utente. 
 []


</home/nicgen/Scrivania/thesis/Figures/uc32.png, id=639, 471.7625pt x 328.22626
pt>
File: /home/nicgen/Scrivania/thesis/Figures/uc32.png Graphic file (type png)
 <use /home/nicgen/Scrivania/thesis/Figures/uc32.png>
Package pdftex.def Info: /home/nicgen/Scrivania/thesis/Figures/uc32.png used on
 input line 240.
(pdftex.def)             Requested size: 283.05968pt x 196.93727pt.
 [15]
Overfull \hbox (8.22209pt too wide) in paragraph at lines 254--255
[]\OT1/cmr/m/n/10 L'utente pu^^Ro con-di-videre tale con-tenuto sulla pro-pria 
"bacheca" o su quella di al-tri conoscenti.
 []


</home/nicgen/Scrivania/thesis/Figures/uc33.png, id=644, 471.7625pt x 328.22626
pt>
File: /home/nicgen/Scrivania/thesis/Figures/uc33.png Graphic file (type png)
 <use /home/nicgen/Scrivania/thesis/Figures/uc33.png>
Package pdftex.def Info: /home/nicgen/Scrivania/thesis/Figures/uc33.png used on
 input line 261.
(pdftex.def)             Requested size: 283.05968pt x 196.93727pt.
 [16 </home/nicgen/Scrivania/thesis/Figures/uc32.png>]
Overfull \hbox (9.75452pt too wide) in paragraph at lines 284--285
[]\OT1/cmr/bx/it/10 Postcondizione: \OT1/cmr/m/n/10 L'applicazione scaler^^Ra o
gni frame in in-gresso alla risoluzione in-di-cata dall'utente,
 []

[17 </home/nicgen/Scrivania/thesis/Figures/uc33.png>] [18] [19]
LaTeX Font Info:    Font shape `OMS/cmr/bx/n' in size <10> not available
(Font)              Font shape `OMS/cmsy/b/n' tried instead on input line 376.

Underfull \hbox (badness 1158) in paragraph at lines 409--409
\OT1/cmr/m/n/10 abil-itare di abil-itare/dis-abil-itare la ricerca
 []


Underfull \hbox (badness 1701) in paragraph at lines 410--410
\OT1/cmr/m/n/10 abil-itare/dis-abil-itare la modalit^^Ra con-trasto
 []


Underfull \hbox (badness 1215) in paragraph at lines 411--411
[]|\OT1/cmr/m/n/10 L'applicazione deve per-me-t-tere di cogliere
 []


Underfull \hbox (badness 2359) in paragraph at lines 413--413
[]|\OT1/cmr/m/n/10 L'applicazione deve cari-care una lista di
 []


Underfull \hbox (badness 1810) in paragraph at lines 415--415
[]|\OT1/cmr/m/n/10 L'applicazione deve poter ren-der-iz-zare gli
 []


Underfull \hbox (badness 1418) in paragraph at lines 416--416
[]|\OT1/cmr/m/n/10 L'applicazione deve per-me-t-tere di ril-e-vare
 []


Underfull \vbox (badness 10000) detected at line 419
 []


Underfull \hbox (badness 2213) in paragraph at lines 430--430
[]|\OT1/cmr/m/n/10 non map-pa-
 []

[20] [21]) (./Chapters/Chapter4.tex [22]
Chapter 4.
------------------------------------------------------------------------------
 4 Progettazione
------------------------------------------------------------------------------
[23

]
</home/nicgen/Scrivania/thesis/Figures/ciclovitaattivita.jpg, id=683, 998.73125
pt x 753.81625pt>
File: /home/nicgen/Scrivania/thesis/Figures/ciclovitaattivita.jpg Graphic file 
(type jpg)

<use /home/nicgen/Scrivania/thesis/Figures/ciclovitaattivita.jpg>
Package pdftex.def Info: /home/nicgen/Scrivania/thesis/Figures/ciclovitaattivit
a.jpg used on input line 54.
(pdftex.def)             Requested size: 379.52182pt x 286.45316pt.


LaTeX Warning: `h' float specifier changed to `ht'.

[24]
Overfull \hbox (25.01439pt too wide) in paragraph at lines 95--96
[]\OT1/cmr/m/it/10 Descrizione ed uti-lizzo :\OT1/cmr/m/n/10 Questa at-tivit^^R
a rac-coglie sem-plice-mente l'animazione del logo dell'azienda
 []

[25 </home/nicgen/Scrivania/thesis/Figures/ciclovitaattivita.jpg>]
Overfull \hbox (14.17996pt too wide) in paragraph at lines 146--147
[]\OT1/cmr/m/it/10 Descrizione ed uti-lizzo:\OT1/cmr/m/n/10 permette la mod-i-f
ica dei parametri OpenCV a run-time quali risoluzione,
 []

[26] [27] [28]
Underfull \vbox (badness 10000) detected at line 231
 []

[29]
Overfull \hbox (28.94328pt too wide) in paragraph at lines 257--258
\OT1/cmr/m/n/10 L'NDK (Na-tive De-vel-op-ment Kit) ^^Re uno stru-mento che per-
me-tte di im-ple-mentare parte dell'applicazione
 []


Overfull \hbox (56.4422pt too wide) in paragraph at lines 273--274
\OT1/cmr/m/n/10 All'interno delle SDK An-droid ^^Re pre-sente una API per il ri
-conosci-mento fac-ciale: An-droid.Media.FaceDetector.
 []

[30] [31] [32] [33] [34]
</home/nicgen/Scrivania/thesis/Figures/pyramid.jpg, id=790, 319.1925pt x 212.79
5pt>
File: /home/nicgen/Scrivania/thesis/Figures/pyramid.jpg Graphic file (type jpg)

 <use /home/nicgen/Scrivania/thesis/Figures/pyramid.jpg>
Package pdftex.def Info: /home/nicgen/Scrivania/thesis/Figures/pyramid.jpg used
 on input line 430.
(pdftex.def)             Requested size: 255.35434pt x 170.2362pt.
 [35 </home/nicgen/Scrivania/thesis/Figures/pyramid.jpg>]
Underfull \hbox (badness 10000) in paragraph at lines 451--452

 []


Overfull \hbox (5.94438pt too wide) in paragraph at lines 478--479
\OT1/cmr/m/n/10 su is-togrammi ma ^^Re basato sul match di un tem-plate che vie
ne fatto "scivolare" con-tro un'immagine
 []


Underfull \hbox (badness 10000) in paragraph at lines 478--479

 []


</home/nicgen/Scrivania/thesis/Figures/slide.png, id=806, 597.23125pt x 401.5pt
>
File: /home/nicgen/Scrivania/thesis/Figures/slide.png Graphic file (type png)
 <use /home/nicgen/Scrivania/thesis/Figures/slide.png>
Package pdftex.def Info: /home/nicgen/Scrivania/thesis/Figures/slide.png used o
n input line 481.
(pdftex.def)             Requested size: 477.78564pt x 321.20042pt.

Overfull \hbox (60.31258pt too wide) in paragraph at lines 481--482
 [][] 
 []

[36]
</home/nicgen/Scrivania/thesis/Figures/rcor.png, id=833, 695.59875pt x 120.45pt
>
File: /home/nicgen/Scrivania/thesis/Figures/rcor.png Graphic file (type png)
 <use /home/nicgen/Scrivania/thesis/Figures/rcor.png>
Package pdftex.def Info: /home/nicgen/Scrivania/thesis/Figures/rcor.png used on
 input line 509.
(pdftex.def)             Requested size: 208.68123pt x 36.13527pt.
 [37 </home/nicgen/Scrivania/thesis/Figures/slide.png>]
</home/nicgen/Scrivania/thesis/Figures/z.png, id=855, 713.66624pt x 142.5325pt>
File: /home/nicgen/Scrivania/thesis/Figures/z.png Graphic file (type png)
<use /home/nicgen/Scrivania/thesis/Figures/z.png>
Package pdftex.def Info: /home/nicgen/Scrivania/thesis/Figures/z.png used on in
put line 519.
(pdftex.def)             Requested size: 214.10152pt x 42.76007pt.

</home/nicgen/Scrivania/thesis/Figures/rccor.png, id=856, 325.215pt x 125.46875
pt>
File: /home/nicgen/Scrivania/thesis/Figures/rccor.png Graphic file (type png)
 <use /home/nicgen/Scrivania/thesis/Figures/rccor.png>
Package pdftex.def Info: /home/nicgen/Scrivania/thesis/Figures/rccor.png used o
n input line 527.
(pdftex.def)             Requested size: 123.58298pt x 47.6786pt.
 [38 </home/nicgen/Scrivania/thesis/Figures/rcor.png (PNG copy)> </home/nicgen/
Scrivania/thesis/Figures/z.png (PNG copy)> </home/nicgen/Scrivania/thesis/Figur
es/rccor.png (PNG copy)>]
</home/nicgen/Scrivania/thesis/Figures/face1_triangle.png, id=861, 803.0pt x 48
1.8pt>
File: /home/nicgen/Scrivania/thesis/Figures/face1_triangle.png Graphic file (ty
pe png)
 <use /home/nicgen/Scrivania/thesis/Figures/face1_triangle.png>
Package pdftex.def Info: /home/nicgen/Scrivania/thesis/Figures/face1_triangle.p
ng used on input line 554.
(pdftex.def)             Requested size: 305.14317pt x 183.08589pt.
 [39 </home/nicgen/Scrivania/thesis/Figures/face1_triangle.png (PNG copy)>] [40
])
(./Chapters/Chapter5.tex [41]
Chapter 5.
------------------------------------------------------------------------------
 5 Verifica e Validazione
------------------------------------------------------------------------------

Overfull \hbox (5.83322pt too wide) in paragraph at lines 15--19
\OT1/cmr/m/n/10 Tale met-rica in-dica il nu-mero di cam-mini lin-ear-mente in-d
ipen-denti per-cor-ri-bili du-rante l'esecuzione
 []

[42

] [43] [44]
Overfull \hbox (1.16621pt too wide) in paragraph at lines 136--137
[]\OT1/cmr/bx/n/10 T1.1 \OT1/cmr/m/n/10 Il test ver-i-fica il cor-retto cari-ca
-mento delle li-brerie e le adatta in base all'hardware
 []

[45]) (./Chapters/Chapter6.tex [46]
Chapter 6.
------------------------------------------------------------------------------
 6 Esiti Attivit\IeC {\`a}
------------------------------------------------------------------------------

Underfull \vbox (badness 10000) detected at line 55
 []

[47

]
Underfull \hbox (badness 3029) in paragraph at lines 69--69
[]|\OT1/cmr/m/n/10 Verificare il cor-retto fun-zion-a-mento
 []


Underfull \hbox (badness 1552) in paragraph at lines 71--71
[]|\OT1/cmr/m/n/10 Verificare la pos-si-bilit^^Ra di cam-biare
 []


Underfull \hbox (badness 5260) in paragraph at lines 72--72
[]|\OT1/cmr/m/n/10 Verifica la pos-si-bilit^^Ra di cam-biare
 []


Underfull \vbox (badness 10000) detected at line 90
 []


Underfull \hbox (badness 10000) in paragraph at lines 94--95
\OT1/cmr/m/n/10 ses-sione suc-ces-sivo alla chiusura
 []

[48] [49] [50]
</home/nicgen/Scrivania/thesis/Figures/fps.png, id=918, 425.59pt x 413.545pt>
File: /home/nicgen/Scrivania/thesis/Figures/fps.png Graphic file (type png)

<use /home/nicgen/Scrivania/thesis/Figures/fps.png>
Package pdftex.def Info: /home/nicgen/Scrivania/thesis/Figures/fps.png used on 
input line 163.
(pdftex.def)             Requested size: 255.35596pt x 248.1289pt.
 [51 </home/nicgen/Scrivania/thesis/Figures/fps.png (PNG copy)>]) (./Chapters/C
hapter7.tex [52]
Chapter 7.
------------------------------------------------------------------------------
 7 Valutazione retrospettiva
------------------------------------------------------------------------------

Underfull \hbox (badness 1158) in paragraph at lines 37--37
\OT1/cmr/m/n/10 abil-itare di abil-itare/dis-abil-itare la ricerca
 []


Underfull \hbox (badness 1701) in paragraph at lines 38--38
\OT1/cmr/m/n/10 abil-itare/dis-abil-itare la modalit^^Ra con-trasto
 []


Underfull \hbox (badness 1215) in paragraph at lines 39--39
[]|\OT1/cmr/m/n/10 L'applicazione deve per-me-t-tere di cogliere
 []


Underfull \hbox (badness 2359) in paragraph at lines 41--41
[]|\OT1/cmr/m/n/10 L'applicazione deve cari-care una lista di
 []


Underfull \hbox (badness 1810) in paragraph at lines 43--43
[]|\OT1/cmr/m/n/10 L'applicazione deve poter ren-der-iz-zare gli
 []


Underfull \hbox (badness 1418) in paragraph at lines 44--44
[]|\OT1/cmr/m/n/10 L'applicazione deve per-me-t-tere di ril-e-vare
 []


Underfull \vbox (badness 10000) detected at line 47
 []

[53

] [54] [55]) (./Appendices/AppendixA.tex [56]
Appendix A.
------------------------------------------------------------------------------
 A Glossario
------------------------------------------------------------------------------
) (./Appendices/Riferimenti.tex [57

]
Appendix B.
------------------------------------------------------------------------------
 B Riferimenti
------------------------------------------------------------------------------
[58

]) [59

]
------------------------------------------------------------------------------
 Bibliography
------------------------------------------------------------------------------
Package atveryend Info: Empty hook `BeforeClearDocument' on input line 250.
Package atveryend Info: Empty hook `AfterLastShipout' on input line 250.
(./main.aux)
Package atveryend Info: Executing hook `AtVeryEndDocument' on input line 250.
Package atveryend Info: Executing hook `AtEndAfterFileList' on input line 250.
Package rerunfilecheck Info: File `main.out' has not changed.
(rerunfilecheck)             Checksum: EBFE4EFBD8FF72FACD10626BB90E62D5;19710.


LaTeX Warning: There were multiply-defined labels.

Package atveryend Info: Empty hook `AtVeryVeryEnd' on input line 250.
 ) 
Here is how much of TeX's memory you used:
 14025 strings out of 495031
 197019 string characters out of 6181532
 386907 words of memory out of 5000000
 16699 multiletter control sequences out of 15000+600000
 11398 words of font info for 42 fonts, out of 8000000 for 9000
 14 hyphenation exceptions out of 8191
 49i,13n,45p,1109b,1905s stack positions out of 5000i,500n,10000p,200000b,80000s
</usr/share/texlive/texmf-dist/fonts/type1/public/amsfonts/cm/cmbsy10.pfb></u
sr/share/texlive/texmf-dist/fonts/type1/public/amsfonts/cm/cmbx10.pfb></usr/sha
re/texlive/texmf-dist/fonts/type1/public/amsfonts/cm/cmbx12.pfb></usr/share/tex
live/texmf-dist/fonts/type1/public/amsfonts/cm/cmbxti10.pfb></usr/share/texlive
/texmf-dist/fonts/type1/public/amsfonts/cm/cmcsc10.pfb></usr/share/texlive/texm
f-dist/fonts/type1/public/amsfonts/cm/cmex10.pfb></usr/share/texlive/texmf-dist
/fonts/type1/public/amsfonts/cm/cmmi10.pfb></usr/share/texlive/texmf-dist/fonts
/type1/public/amsfonts/cm/cmmi7.pfb></usr/share/texlive/texmf-dist/fonts/type1/
public/amsfonts/cm/cmr10.pfb></usr/share/texlive/texmf-dist/fonts/type1/public/
amsfonts/cm/cmr12.pfb></usr/share/texlive/texmf-dist/fonts/type1/public/amsfont
s/cm/cmr5.pfb></usr/share/texlive/texmf-dist/fonts/type1/public/amsfonts/cm/cmr
9.pfb></usr/share/texlive/texmf-dist/fonts/type1/public/amsfonts/cm/cmsl12.pfb>
</usr/share/texlive/texmf-dist/fonts/type1/public/amsfonts/cm/cmsy10.pfb></usr/
share/texlive/texmf-dist/fonts/type1/public/amsfonts/cm/cmti10.pfb></usr/share/
texlive/texmf-dist/fonts/type1/public/amsfonts/cm/cmti12.pfb></usr/share/texliv
e/texmf-dist/fonts/type1/public/amsfonts/cm/cmtt9.pfb>
Output written on main.pdf (68 pages, 1541382 bytes).
PDF statistics:
 1094 PDF objects out of 1200 (max. 8388607)
 965 compressed objects within 10 object streams
 303 named destinations out of 1000 (max. 500000)
 847 words of extra memory for PDF output out of 10000 (max. 10000000)

