\BOOKMARK [0][-]{dummy.1}{\376\377\000C\000o\000n\000t\000e\000n\000t\000s}{}% 1
\BOOKMARK [0][-]{dummy.3}{\376\377\000L\000i\000s\000t\000\040\000o\000f\000\040\000F\000i\000g\000u\000r\000e\000s}{}% 2
\BOOKMARK [0][-]{dummy.5}{\376\377\000L\000i\000s\000t\000\040\000o\000f\000\040\000T\000a\000b\000l\000e\000s}{}% 3
\BOOKMARK [0][-]{chapter.7}{\376\377\0001\000\040\000D\000o\000m\000i\000n\000i\000o\000\040\000a\000p\000p\000l\000i\000c\000a\000t\000i\000v\000o}{}% 4
\BOOKMARK [1][-]{section.8}{\376\377\0001\000.\0001\000\040\000A\000z\000i\000e\000n\000d\000a}{chapter.7}% 5
\BOOKMARK [1][-]{section.10}{\376\377\0001\000.\0002\000\040\000P\000r\000o\000d\000o\000t\000t\000i\000\040\000e\000\040\000c\000l\000i\000e\000n\000t\000i}{chapter.7}% 6
\BOOKMARK [1][-]{section.11}{\376\377\0001\000.\0003\000\040\000T\000e\000c\000n\000o\000l\000o\000g\000i\000e}{chapter.7}% 7
\BOOKMARK [0][-]{chapter.12}{\376\377\0002\000\040\000P\000r\000o\000g\000e\000t\000t\000o\000\040\000A\000z\000i\000e\000n\000d\000a\000l\000e}{}% 8
\BOOKMARK [1][-]{section.13}{\376\377\0002\000.\0001\000\040\000I\000n\000t\000r\000o\000d\000u\000z\000i\000o\000n\000e\000\040\000a\000l\000\040\000r\000i\000c\000o\000n\000o\000s\000c\000i\000m\000e\000n\000t\000o\000\040\000f\000a\000c\000c\000i\000a\000l\000e}{chapter.12}% 9
\BOOKMARK [2][-]{subsection.14}{\376\377\0002\000.\0001\000.\0001\000\040\000M\000a\000c\000h\000i\000n\000e\000\040\000L\000e\000a\000r\000n\000i\000n\000g}{section.13}% 10
\BOOKMARK [1][-]{section.15}{\376\377\0002\000.\0002\000\040\000O\000b\000i\000e\000t\000t\000i\000v\000i}{chapter.12}% 11
\BOOKMARK [1][-]{section.16}{\376\377\0002\000.\0003\000\040\000A\000s\000p\000e\000t\000t\000a\000t\000i\000v\000e}{chapter.12}% 12
\BOOKMARK [1][-]{section.17}{\376\377\0002\000.\0004\000\040\000V\000i\000n\000c\000o\000l\000i}{chapter.12}% 13
\BOOKMARK [0][-]{chapter.18}{\376\377\0003\000\040\000A\000t\000t\000i\000v\000i\000t\000\340\000\040\000d\000i\000\040\000S\000t\000a\000g\000e}{}% 14
\BOOKMARK [1][-]{section.19}{\376\377\0003\000.\0001\000\040\000P\000i\000a\000n\000i\000f\000i\000c\000a\000z\000i\000o\000n\000e}{chapter.18}% 15
\BOOKMARK [1][-]{section.20}{\376\377\0003\000.\0002\000\040\000A\000n\000a\000l\000i\000s\000i}{chapter.18}% 16
\BOOKMARK [2][-]{subsection.21}{\376\377\0003\000.\0002\000.\0001\000\040\000C\000a\000s\000i\000\040\000d\000'\000u\000s\000o}{section.20}% 17
\BOOKMARK [2][-]{subsection.22}{\376\377\0003\000.\0002\000.\0002\000\040\000R\000e\000q\000u\000i\000s\000i\000t\000i}{section.20}% 18
\BOOKMARK [3][-]{subsubsection.23}{\376\377\0003\000.\0002\000.\0002\000.\0001\000\040\000M\000o\000d\000e\000l\000l\000o\000\040\000d\000i\000\040\000c\000i\000c\000l\000o\000\040\000d\000i\000\040\000v\000i\000t\000a}{subsection.22}% 19
\BOOKMARK [1][-]{section.24}{\376\377\0003\000.\0003\000\040\000P\000r\000o\000g\000e\000t\000t\000a\000z\000i\000o\000n\000e}{chapter.18}% 20
\BOOKMARK [2][-]{subsection.25}{\376\377\0003\000.\0003\000.\0001\000\040\000A\000r\000c\000h\000i\000t\000e\000t\000t\000u\000r\000a}{section.24}% 21
\BOOKMARK [2][-]{subsection.26}{\376\377\0003\000.\0003\000.\0002\000\040\000T\000e\000c\000n\000o\000l\000o\000g\000i\000e\000\040\000u\000t\000i\000l\000i\000z\000z\000a\000t\000e}{section.24}% 22
\BOOKMARK [3][-]{subsubsection.27}{\376\377\0003\000.\0003\000.\0002\000.\0001\000\040\000J\000a\000v\000a}{subsection.26}% 23
\BOOKMARK [3][-]{subsubsection.28}{\376\377\0003\000.\0003\000.\0002\000.\0002\000\040\000A\000n\000d\000r\000o\000i\000d\000\040\000N\000D\000K}{subsection.26}% 24
\BOOKMARK [3][-]{subsubsection.29}{\376\377\0003\000.\0003\000.\0002\000.\0003\000\040\000A\000n\000d\000r\000o\000i\000d\000\040\000S\000D\000K}{subsection.26}% 25
\BOOKMARK [3][-]{subsubsection.30}{\376\377\0003\000.\0003\000.\0002\000.\0004\000\040\000A\000n\000d\000r\000o\000i\000d\000\040\000F\000D\000-\000L\000i\000b\000r\000a\000r\000y}{subsection.26}% 26
\BOOKMARK [3][-]{subsubsection.31}{\376\377\0003\000.\0003\000.\0002\000.\0005\000\040\000O\000p\000e\000n\000C\000V}{subsection.26}% 27
\BOOKMARK [2][-]{subsection.32}{\376\377\0003\000.\0003\000.\0003\000\040\000A\000s\000s\000o\000c\000i\000a\000z\000i\000o\000n\000e\000\040\000c\000l\000a\000s\000s\000i\000-\000r\000e\000q\000u\000i\000s\000i\000t\000i}{section.24}% 28
\BOOKMARK [1][-]{section.33}{\376\377\0003\000.\0004\000\040\000I\000m\000p\000l\000e\000m\000e\000n\000t\000a\000z\000i\000o\000n\000e}{chapter.18}% 29
\BOOKMARK [1][-]{section.34}{\376\377\0003\000.\0005\000\040\000V\000e\000r\000i\000f\000i\000c\000a\000\040\000e\000\040\000v\000a\000l\000i\000d\000a\000z\000i\000o\000n\000e}{chapter.18}% 30
\BOOKMARK [2][-]{subsection.35}{\376\377\0003\000.\0005\000.\0001\000\040\000A\000n\000a\000l\000i\000s\000i\000\040\000S\000t\000a\000t\000i\000c\000a}{section.34}% 31
\BOOKMARK [3][-]{subsubsection.36}{\376\377\0003\000.\0005\000.\0001\000.\0001\000\040\000C\000o\000m\000p\000l\000e\000s\000s\000i\000t\000\340\000\040\000c\000i\000c\000l\000o\000m\000a\000t\000i\000c\000a}{subsection.35}% 32
\BOOKMARK [3][-]{subsubsection.37}{\376\377\0003\000.\0005\000.\0001\000.\0002\000\040\000L\000O\000C}{subsection.35}% 33
\BOOKMARK [3][-]{subsubsection.38}{\376\377\0003\000.\0005\000.\0001\000.\0003\000\040\000N\000u\000m\000e\000r\000o\000\040\000d\000i\000\040\000c\000a\000m\000p\000i\000\040\000u\000t\000i\000l\000i\000z\000z\000a\000t\000i\000\040\000p\000e\000r\000\040\000c\000l\000a\000s\000s\000e}{subsection.35}% 34
\BOOKMARK [3][-]{subsubsection.39}{\376\377\0003\000.\0005\000.\0001\000.\0004\000\040\000N\000u\000m\000e\000r\000o\000\040\000d\000i\000\040\000m\000e\000t\000o\000d\000i\000\040\000u\000t\000i\000l\000i\000z\000z\000a\000t\000i\000\040\000p\000e\000r\000\040\000c\000l\000a\000s\000s\000e}{subsection.35}% 35
\BOOKMARK [3][-]{subsubsection.40}{\376\377\0003\000.\0005\000.\0001\000.\0005\000\040\000L\000C\000O\000M\000\040\000e\000\040\000L\000C\000O\000M\000\040\000H\000S}{subsection.35}% 36
\BOOKMARK [2][-]{subsection.41}{\376\377\0003\000.\0005\000.\0002\000\040\000A\000n\000a\000l\000i\000s\000i\000\040\000D\000i\000n\000a\000m\000i\000c\000a}{section.34}% 37
\BOOKMARK [2][-]{subsection.42}{\376\377\0003\000.\0005\000.\0003\000\040\000T\000e\000s\000t\000\040\000d\000i\000\040\000V\000a\000l\000i\000d\000a\000z\000i\000o\000n\000e}{section.34}% 38
\BOOKMARK [1][-]{section.43}{\376\377\0003\000.\0006\000\040\000E\000s\000i\000t\000i\000\040\000a\000t\000t\000i\000v\000i\000t\000\340}{chapter.18}% 39
\BOOKMARK [1][-]{section.44}{\376\377\0003\000.\0007\000\040\000V\000a\000l\000u\000t\000a\000z\000i\000o\000n\000e\000\040\000p\000r\000e\000s\000t\000a\000z\000i\000o\000n\000i}{chapter.18}% 40
\BOOKMARK [2][-]{subsection.46}{\376\377\0003\000.\0007\000.\0001\000\040\000C\000o\000n\000s\000i\000d\000e\000r\000a\000z\000i\000o\000n\000i}{section.44}% 41
\BOOKMARK [0][-]{chapter.47}{\376\377\0004\000\040\000V\000a\000l\000u\000t\000a\000z\000i\000o\000n\000e\000\040\000r\000e\000t\000r\000o\000s\000p\000e\000t\000t\000i\000v\000a}{}% 42
\BOOKMARK [1][-]{section.48}{\376\377\0004\000.\0001\000\040\000C\000o\000p\000e\000r\000t\000u\000r\000a\000\040\000d\000e\000i\000\040\000R\000e\000q\000u\000i\000s\000i\000t\000i}{chapter.47}% 43
\BOOKMARK [1][-]{section.49}{\376\377\0004\000.\0002\000\040\000C\000o\000n\000o\000s\000c\000e\000n\000z\000e\000\040\000a\000c\000q\000u\000i\000s\000i\000t\000e}{chapter.47}% 44
\BOOKMARK [1][-]{section.50}{\376\377\0004\000.\0003\000\040\000D\000i\000s\000t\000a\000n\000z\000a\000\040\000t\000r\000a\000\040\000c\000o\000n\000o\000s\000c\000e\000n\000z\000e\000\040\000r\000i\000c\000h\000i\000e\000s\000t\000e\000\040\000e\000\040\000c\000o\000n\000o\000s\000c\000e\000n\000z\000e\000\040\000p\000o\000s\000s\000e\000d\000u\000t\000e}{chapter.47}% 45
\BOOKMARK [0][-]{appendix.51}{\376\377\000A\000\040\000G\000l\000o\000s\000s\000a\000r\000i\000o}{}% 46
\BOOKMARK [0][-]{appendix.52}{\376\377\000B\000\040\000R\000i\000f\000e\000r\000i\000m\000e\000n\000t\000i}{}% 47
